<?xml version="1.0" encoding="UTF-8"?>
<testng-results skipped="0" failed="1" ignored="0" total="8" passed="7">
  <reporter-output>
  </reporter-output>
  <suite name="Default suite" duration-ms="84990" started-at="2018-03-24T08:38:44Z" finished-at="2018-03-24T08:40:09Z">
    <groups>
    </groups>
    <test name="Default test" duration-ms="84990" started-at="2018-03-24T08:38:44Z" finished-at="2018-03-24T08:40:09Z">
      <class name="FunctionalTest.CoreTestScript">
        <test-method status="PASS" signature="beforeTest()[pri:0, instance:FunctionalTest.CoreTestScript@3e6fa38a]" name="beforeTest" is-config="true" duration-ms="2278" started-at="2018-03-24T08:38:44Z" finished-at="2018-03-24T08:38:47Z">
          <reporter-output>
          </reporter-output>
        </test-method> <!-- beforeTest -->
        <test-method status="PASS" signature="verifyPageTitle()[pri:1, instance:FunctionalTest.CoreTestScript@3e6fa38a]" name="verifyPageTitle" duration-ms="8182" started-at="2018-03-24T08:38:47Z" finished-at="2018-03-24T08:38:55Z">
          <reporter-output>
          </reporter-output>
        </test-method> <!-- verifyPageTitle -->
        <test-method status="PASS" signature="userLogIn()[pri:2, instance:FunctionalTest.CoreTestScript@3e6fa38a]" name="userLogIn" duration-ms="9209" started-at="2018-03-24T08:38:55Z" finished-at="2018-03-24T08:39:04Z">
          <reporter-output>
          </reporter-output>
        </test-method> <!-- userLogIn -->
        <test-method status="PASS" signature="accountDeactivate()[pri:3, instance:FunctionalTest.CoreTestScript@3e6fa38a]" name="accountDeactivate" duration-ms="5617" started-at="2018-03-24T08:39:04Z" finished-at="2018-03-24T08:39:10Z">
          <reporter-output>
          </reporter-output>
        </test-method> <!-- accountDeactivate -->
        <test-method status="PASS" signature="createNewAccount()[pri:4, instance:FunctionalTest.CoreTestScript@3e6fa38a]" name="createNewAccount" duration-ms="7065" started-at="2018-03-24T08:39:10Z" finished-at="2018-03-24T08:39:17Z">
          <reporter-output>
          </reporter-output>
        </test-method> <!-- createNewAccount -->
        <test-method status="PASS" signature="addNewCandidate()[pri:5, instance:FunctionalTest.CoreTestScript@3e6fa38a]" name="addNewCandidate" duration-ms="5380" started-at="2018-03-24T08:39:17Z" finished-at="2018-03-24T08:39:22Z">
          <reporter-output>
          </reporter-output>
        </test-method> <!-- addNewCandidate -->
        <test-method status="PASS" signature="addNewCompany()[pri:6, instance:FunctionalTest.CoreTestScript@3e6fa38a]" name="addNewCompany" duration-ms="10931" started-at="2018-03-24T08:39:22Z" finished-at="2018-03-24T08:39:33Z">
          <reporter-output>
          </reporter-output>
        </test-method> <!-- addNewCompany -->
        <test-method status="PASS" signature="addNewContact()[pri:7, instance:FunctionalTest.CoreTestScript@3e6fa38a]" name="addNewContact" duration-ms="6664" started-at="2018-03-24T08:39:33Z" finished-at="2018-03-24T08:39:40Z">
          <reporter-output>
          </reporter-output>
        </test-method> <!-- addNewContact -->
        <test-method status="FAIL" signature="addNewJob()[pri:8, instance:FunctionalTest.CoreTestScript@3e6fa38a]" name="addNewJob" duration-ms="29563" started-at="2018-03-24T08:39:40Z" finished-at="2018-03-24T08:40:09Z">
          <exception class="org.openqa.selenium.WebDriverException">
            <message>
              <![CDATA[chrome not reachable
  (Session info: chrome=64.0.3282.167)
  (Driver info: chromedriver=2.35.528139 (47ead77cb35ad2a9a83248b292151462a66cd881),platform=Linux 4.13.0-36-generic x86_64) (WARNING: The server did not provide any stacktrace information)
Command duration or timeout: 0 milliseconds
Build info: version: '3.9.1', revision: '63f7b50', time: '2018-02-07T22:42:22.379Z'
System info: host: 'earnest-X553MA', ip: '127.0.1.1', os.name: 'Linux', os.arch: 'amd64', os.version: '4.13.0-36-generic', java.version: '1.8.0_151'
Driver info: org.openqa.selenium.chrome.ChromeDriver
Capabilities {acceptInsecureCerts: false, acceptSslCerts: false, applicationCacheEnabled: false, browserConnectionEnabled: false, browserName: chrome, chrome: {chromedriverVersion: 2.35.528139 (47ead77cb35ad2..., userDataDir: /tmp/.org.chromium.Chromium...}, cssSelectorsEnabled: true, databaseEnabled: false, handlesAlerts: true, hasTouchScreen: false, javascriptEnabled: true, locationContextEnabled: true, mobileEmulationEnabled: false, nativeEvents: true, networkConnectionEnabled: false, pageLoadStrategy: normal, platform: LINUX, platformName: LINUX, rotatable: false, setWindowRect: true, takesHeapSnapshot: true, takesScreenshot: true, unexpectedAlertBehaviour: , unhandledPromptBehavior: , version: 64.0.3282.167, webStorageEnabled: true}
Session ID: d2be2e28225258bb73fc03743f670875
*** Element info: {Using=xpath, value=//form/div[9]/div/input}]]>
            </message>
            <full-stacktrace>
              <![CDATA[org.openqa.selenium.WebDriverException: chrome not reachable
  (Session info: chrome=64.0.3282.167)
  (Driver info: chromedriver=2.35.528139 (47ead77cb35ad2a9a83248b292151462a66cd881),platform=Linux 4.13.0-36-generic x86_64) (WARNING: The server did not provide any stacktrace information)
Command duration or timeout: 0 milliseconds
Build info: version: '3.9.1', revision: '63f7b50', time: '2018-02-07T22:42:22.379Z'
System info: host: 'earnest-X553MA', ip: '127.0.1.1', os.name: 'Linux', os.arch: 'amd64', os.version: '4.13.0-36-generic', java.version: '1.8.0_151'
Driver info: org.openqa.selenium.chrome.ChromeDriver
Capabilities {acceptInsecureCerts: false, acceptSslCerts: false, applicationCacheEnabled: false, browserConnectionEnabled: false, browserName: chrome, chrome: {chromedriverVersion: 2.35.528139 (47ead77cb35ad2..., userDataDir: /tmp/.org.chromium.Chromium...}, cssSelectorsEnabled: true, databaseEnabled: false, handlesAlerts: true, hasTouchScreen: false, javascriptEnabled: true, locationContextEnabled: true, mobileEmulationEnabled: false, nativeEvents: true, networkConnectionEnabled: false, pageLoadStrategy: normal, platform: LINUX, platformName: LINUX, rotatable: false, setWindowRect: true, takesHeapSnapshot: true, takesScreenshot: true, unexpectedAlertBehaviour: , unhandledPromptBehavior: , version: 64.0.3282.167, webStorageEnabled: true}
Session ID: d2be2e28225258bb73fc03743f670875
*** Element info: {Using=xpath, value=//form/div[9]/div/input}
at sun.reflect.NativeConstructorAccessorImpl.newInstance0(Native Method)
at sun.reflect.NativeConstructorAccessorImpl.newInstance(NativeConstructorAccessorImpl.java:62)
at sun.reflect.DelegatingConstructorAccessorImpl.newInstance(DelegatingConstructorAccessorImpl.java:45)
at java.lang.reflect.Constructor.newInstance(Constructor.java:423)
at org.openqa.selenium.remote.ErrorHandler.createThrowable(ErrorHandler.java:214)
at org.openqa.selenium.remote.ErrorHandler.throwIfResponseFailed(ErrorHandler.java:166)
at org.openqa.selenium.remote.http.JsonHttpResponseCodec.reconstructValue(JsonHttpResponseCodec.java:40)
at org.openqa.selenium.remote.http.AbstractHttpResponseCodec.decode(AbstractHttpResponseCodec.java:80)
at org.openqa.selenium.remote.http.AbstractHttpResponseCodec.decode(AbstractHttpResponseCodec.java:44)
at org.openqa.selenium.remote.HttpCommandExecutor.execute(HttpCommandExecutor.java:160)
at org.openqa.selenium.remote.service.DriverCommandExecutor.execute(DriverCommandExecutor.java:83)
at org.openqa.selenium.remote.RemoteWebDriver.execute(RemoteWebDriver.java:601)
at org.openqa.selenium.remote.RemoteWebDriver.findElements(RemoteWebDriver.java:398)
at org.openqa.selenium.remote.RemoteWebDriver.findElementsByXPath(RemoteWebDriver.java:477)
at org.openqa.selenium.By$ByXPath.findElements(By.java:356)
at org.openqa.selenium.remote.RemoteWebDriver.findElements(RemoteWebDriver.java:359)
at org.openqa.selenium.support.ui.ExpectedConditions.findElement(ExpectedConditions.java:895)
at org.openqa.selenium.support.ui.ExpectedConditions.access$000(ExpectedConditions.java:44)
at org.openqa.selenium.support.ui.ExpectedConditions$7.apply(ExpectedConditions.java:206)
at org.openqa.selenium.support.ui.ExpectedConditions$7.apply(ExpectedConditions.java:202)
at org.openqa.selenium.support.ui.ExpectedConditions$22.apply(ExpectedConditions.java:657)
at org.openqa.selenium.support.ui.ExpectedConditions$22.apply(ExpectedConditions.java:654)
at org.openqa.selenium.support.ui.FluentWait.until(FluentWait.java:208)
at FunctionalTest.CoreTestScript.addNewJob(CoreTestScript.java:271)
at sun.reflect.NativeMethodAccessorImpl.invoke0(Native Method)
at sun.reflect.NativeMethodAccessorImpl.invoke(NativeMethodAccessorImpl.java:62)
at sun.reflect.DelegatingMethodAccessorImpl.invoke(DelegatingMethodAccessorImpl.java:43)
at java.lang.reflect.Method.invoke(Method.java:498)
at org.testng.internal.MethodInvocationHelper.invokeMethod(MethodInvocationHelper.java:124)
at org.testng.internal.Invoker.invokeMethod(Invoker.java:580)
at org.testng.internal.Invoker.invokeTestMethod(Invoker.java:716)
at org.testng.internal.Invoker.invokeTestMethods(Invoker.java:988)
at org.testng.internal.TestMethodWorker.invokeTestMethods(TestMethodWorker.java:125)
at org.testng.internal.TestMethodWorker.run(TestMethodWorker.java:109)
at org.testng.TestRunner.privateRun(TestRunner.java:648)
at org.testng.TestRunner.run(TestRunner.java:505)
at org.testng.SuiteRunner.runTest(SuiteRunner.java:455)
at org.testng.SuiteRunner.runSequentially(SuiteRunner.java:450)
at org.testng.SuiteRunner.privateRun(SuiteRunner.java:415)
at org.testng.SuiteRunner.run(SuiteRunner.java:364)
at org.testng.SuiteRunnerWorker.runSuite(SuiteRunnerWorker.java:52)
at org.testng.SuiteRunnerWorker.run(SuiteRunnerWorker.java:84)
at org.testng.TestNG.runSuitesSequentially(TestNG.java:1208)
at org.testng.TestNG.runSuitesLocally(TestNG.java:1137)
at org.testng.TestNG.runSuites(TestNG.java:1049)
at org.testng.TestNG.run(TestNG.java:1017)
at org.testng.remote.AbstractRemoteTestNG.run(AbstractRemoteTestNG.java:114)
at org.testng.remote.RemoteTestNG.initAndRun(RemoteTestNG.java:251)
at org.testng.remote.RemoteTestNG.main(RemoteTestNG.java:77)
]]>
            </full-stacktrace>
          </exception> <!-- org.openqa.selenium.WebDriverException -->
          <reporter-output>
          </reporter-output>
        </test-method> <!-- addNewJob -->
        <test-method status="PASS" signature="afterTest()[pri:0, instance:FunctionalTest.CoreTestScript@3e6fa38a]" name="afterTest" is-config="true" duration-ms="1" started-at="2018-03-24T08:40:09Z" finished-at="2018-03-24T08:40:09Z">
          <reporter-output>
          </reporter-output>
        </test-method> <!-- afterTest -->
      </class> <!-- FunctionalTest.CoreTestScript -->
    </test> <!-- Default test -->
  </suite> <!-- Default suite -->
</testng-results>
